2024-12-25 20:09:59.857 WARN  com.alibaba.nacos.client.logging.NacosLogging     :64   [32m                  [0;39m Load Logback Configuration of Nacos fail, message: Could not initialize Logback Nacos logging from classpath:nacos-logback.xml
2024-12-25 20:09:59.865 INFO  org.hibernate.validator.internal.util.Version     :21   [32m                  [0;39m HV000001: Hibernate Validator 8.0.0.Final
2024-12-25 20:09:59.903 WARN  com.alibaba.nacos.client.logging.NacosLogging     :64   [32m                  [0;39m Load Logback Configuration of Nacos fail, message: Could not initialize Logback Nacos logging from classpath:nacos-logback.xml
2024-12-25 20:09:59.909 INFO  com.fengxin.GateWayApplication                    :51   [32m                  [0;39m Starting GateWayApplication using Java 17.0.12 with PID 18384 (E:\Java\feng-coupon\gateway\target\classes started by FENGXIN in E:\Java\feng-coupon)
2024-12-25 20:09:59.910 INFO  com.fengxin.GateWayApplication                    :632  [32m                  [0;39m No active profile set, falling back to 1 default profile: "default"
2024-12-25 20:10:00.457 INFO  o.springframework.cloud.context.scope.GenericScope:282  [32m                  [0;39m BeanFactory id=7f45d766-c56e-39f8-a063-89f7f5a9eb04
2024-12-25 20:10:00.495 INFO  o.s.c.s.PostProcessorRegistrationDelegate$BeanPostProcessorChecker:409  [32m                  [0;39m Bean 'org.springframework.cloud.client.loadbalancer.reactive.LoadBalancerBeanPostProcessorAutoConfiguration' of type [org.springframework.cloud.client.loadbalancer.reactive.LoadBalancerBeanPostProcessorAutoConfiguration] is not eligible for getting processed by all BeanPostProcessors (for example: not eligible for auto-proxying)
2024-12-25 20:10:00.495 INFO  o.s.c.s.PostProcessorRegistrationDelegate$BeanPostProcessorChecker:409  [32m                  [0;39m Bean 'org.springframework.cloud.client.loadbalancer.reactive.LoadBalancerBeanPostProcessorAutoConfiguration$ReactorDeferringLoadBalancerFilterConfig' of type [org.springframework.cloud.client.loadbalancer.reactive.LoadBalancerBeanPostProcessorAutoConfiguration$ReactorDeferringLoadBalancerFilterConfig] is not eligible for getting processed by all BeanPostProcessors (for example: not eligible for auto-proxying)
2024-12-25 20:10:00.497 INFO  o.s.c.s.PostProcessorRegistrationDelegate$BeanPostProcessorChecker:409  [32m                  [0;39m Bean 'reactorDeferringLoadBalancerExchangeFilterFunction' of type [org.springframework.cloud.client.loadbalancer.reactive.DeferringLoadBalancerExchangeFilterFunction] is not eligible for getting processed by all BeanPostProcessors (for example: not eligible for auto-proxying)
2024-12-25 20:10:01.850 INFO  org.springframework.cloud.commons.util.InetUtils  :170  [32m                  [0;39m Cannot determine local hostname
2024-12-25 20:10:03.002 INFO  org.springframework.cloud.commons.util.InetUtils  :170  [32m                  [0;39m Cannot determine local hostname
2024-12-25 20:10:03.227 INFO  o.s.c.gateway.route.RouteDefinitionRouteLocator   :89   [32m                  [0;39m Loaded RoutePredicateFactory [After]
2024-12-25 20:10:03.227 INFO  o.s.c.gateway.route.RouteDefinitionRouteLocator   :89   [32m                  [0;39m Loaded RoutePredicateFactory [Before]
2024-12-25 20:10:03.227 INFO  o.s.c.gateway.route.RouteDefinitionRouteLocator   :89   [32m                  [0;39m Loaded RoutePredicateFactory [Between]
2024-12-25 20:10:03.227 INFO  o.s.c.gateway.route.RouteDefinitionRouteLocator   :89   [32m                  [0;39m Loaded RoutePredicateFactory [Cookie]
2024-12-25 20:10:03.229 INFO  o.s.c.gateway.route.RouteDefinitionRouteLocator   :89   [32m                  [0;39m Loaded RoutePredicateFactory [Header]
2024-12-25 20:10:03.229 INFO  o.s.c.gateway.route.RouteDefinitionRouteLocator   :89   [32m                  [0;39m Loaded RoutePredicateFactory [Host]
2024-12-25 20:10:03.229 INFO  o.s.c.gateway.route.RouteDefinitionRouteLocator   :89   [32m                  [0;39m Loaded RoutePredicateFactory [Method]
2024-12-25 20:10:03.229 INFO  o.s.c.gateway.route.RouteDefinitionRouteLocator   :89   [32m                  [0;39m Loaded RoutePredicateFactory [Path]
2024-12-25 20:10:03.229 INFO  o.s.c.gateway.route.RouteDefinitionRouteLocator   :89   [32m                  [0;39m Loaded RoutePredicateFactory [Query]
2024-12-25 20:10:03.229 INFO  o.s.c.gateway.route.RouteDefinitionRouteLocator   :89   [32m                  [0;39m Loaded RoutePredicateFactory [ReadBody]
2024-12-25 20:10:03.229 INFO  o.s.c.gateway.route.RouteDefinitionRouteLocator   :89   [32m                  [0;39m Loaded RoutePredicateFactory [RemoteAddr]
2024-12-25 20:10:03.229 INFO  o.s.c.gateway.route.RouteDefinitionRouteLocator   :89   [32m                  [0;39m Loaded RoutePredicateFactory [XForwardedRemoteAddr]
2024-12-25 20:10:03.229 INFO  o.s.c.gateway.route.RouteDefinitionRouteLocator   :89   [32m                  [0;39m Loaded RoutePredicateFactory [Weight]
2024-12-25 20:10:03.229 INFO  o.s.c.gateway.route.RouteDefinitionRouteLocator   :89   [32m                  [0;39m Loaded RoutePredicateFactory [CloudFoundryRouteService]
2024-12-25 20:10:04.449 INFO  org.springframework.cloud.commons.util.InetUtils  :170  [32m                  [0;39m Cannot determine local hostname
2024-12-25 20:10:04.562 WARN  o.s.c.l.c.LoadBalancerCacheAutoConfiguration$LoadBalancerCaffeineWarnLogger:94   [32m                  [0;39m Spring Cloud LoadBalancer is currently working with the default cache. While this cache implementation is useful for development and tests, it's recommended to use Caffeine cache in production.You can switch to using Caffeine cache, by adding it and org.springframework.cache.caffeine.CaffeineCacheManager to the classpath.
2024-12-25 20:10:04.707 INFO  o.s.boot.web.embedded.netty.NettyWebServer        :111  [32m                  [0;39m Netty started on port 10000
2024-12-25 20:10:05.834 INFO  org.springframework.cloud.commons.util.InetUtils  :170  [32m                  [0;39m Cannot determine local hostname
2024-12-25 20:10:06.951 INFO  org.springframework.cloud.commons.util.InetUtils  :170  [32m                  [0;39m Cannot determine local hostname
2024-12-25 20:10:06.956 WARN  com.alibaba.nacos.client.logging.NacosLogging     :64   [32m                  [0;39m Load Logback Configuration of Nacos fail, message: Could not initialize Logback Nacos logging from classpath:nacos-logback.xml
2024-12-25 20:10:06.956 INFO  com.alibaba.nacos.client.naming                   :62   [32m                  [0;39m initializer namespace from ans.namespace attribute : null
2024-12-25 20:10:06.956 INFO  com.alibaba.nacos.client.naming                   :66   [32m                  [0;39m initializer namespace from ALIBABA_ALIWARE_NAMESPACE attribute :null
2024-12-25 20:10:06.956 INFO  com.alibaba.nacos.client.naming                   :73   [32m                  [0;39m initializer namespace from namespace attribute :null
2024-12-25 20:10:06.972 INFO  com.alibaba.nacos.client.utils.ParamUtil          :87   [32m                  [0;39m [settings] [req-serv] nacos-server port:8848
2024-12-25 20:10:06.972 INFO  com.alibaba.nacos.client.utils.ParamUtil          :98   [32m                  [0;39m [settings] [http-client] connect timeout:1000
2024-12-25 20:10:06.973 INFO  com.alibaba.nacos.client.utils.ParamUtil          :105  [32m                  [0;39m PER_TASK_CONFIG_SIZE: 3000.0
2024-12-25 20:10:06.976 INFO  c.a.n.p.auth.spi.client.ClientAuthPluginManager   :56   [32m                  [0;39m [ClientAuthPluginManager] Load ClientAuthService com.alibaba.nacos.client.auth.impl.NacosClientAuthServiceImpl success.
2024-12-25 20:10:06.976 INFO  c.a.n.p.auth.spi.client.ClientAuthPluginManager   :56   [32m                  [0;39m [ClientAuthPluginManager] Load ClientAuthService com.alibaba.nacos.client.auth.ram.RamClientAuthServiceImpl success.
2024-12-25 20:10:06.978 INFO  c.a.n.client.auth.ram.identify.CredentialWatcher  :165  [32m                  [0;39m null No credential found
2024-12-25 20:10:06.985 INFO  com.alibaba.nacos.common.remote.client            :108  [32m                  [0;39m [RpcClientFactory] create a new rpc client of 372c9395-e58d-4e92-8c1e-ab505995fbaf
2024-12-25 20:10:06.997 INFO  com.alibaba.nacos.common.remote.client            :63   [32m                  [0;39m [372c9395-e58d-4e92-8c1e-ab505995fbaf] RpcClient init, ServerListFactory = com.alibaba.nacos.client.naming.core.ServerListManager
2024-12-25 20:10:06.997 INFO  com.alibaba.nacos.common.remote.client            :63   [32m                  [0;39m [372c9395-e58d-4e92-8c1e-ab505995fbaf] Registry connection listener to current client:com.alibaba.nacos.client.naming.remote.gprc.redo.NamingGrpcRedoService
2024-12-25 20:10:06.997 INFO  com.alibaba.nacos.common.remote.client            :63   [32m                  [0;39m [372c9395-e58d-4e92-8c1e-ab505995fbaf] Register server push request handler:com.alibaba.nacos.client.naming.remote.gprc.NamingPushRequestHandler
2024-12-25 20:10:07.001 INFO  com.alibaba.nacos.common.remote.client            :63   [32m                  [0;39m [372c9395-e58d-4e92-8c1e-ab505995fbaf] Try to connect to server on start up, server: {serverIp = '192.168.187.101', server main port = 8848}
2024-12-25 20:10:07.024 INFO  c.a.nacos.common.remote.client.grpc.GrpcClient    :182  [32m                  [0;39m grpc client connection server:192.168.187.101 ip,serverPort:9848,grpcTslConfig:{"sslProvider":"OPENSSL","enableTls":false,"mutualAuthEnable":false,"trustAll":false}
2024-12-25 20:10:07.990 INFO  com.alibaba.nacos.common.remote.client            :63   [32m                  [0;39m [372c9395-e58d-4e92-8c1e-ab505995fbaf] Success to connect to server [192.168.187.101:8848] on start up, connectionId = 1735128575191_192.168.187.1_51317
2024-12-25 20:10:07.991 INFO  com.alibaba.nacos.common.remote.client            :63   [32m                  [0;39m [372c9395-e58d-4e92-8c1e-ab505995fbaf] Notify connected event to listeners.
2024-12-25 20:10:07.992 INFO  com.alibaba.nacos.client.naming                   :78   [32m                  [0;39m Grpc connection connect
2024-12-25 20:10:07.992 INFO  com.alibaba.nacos.common.remote.client            :63   [32m                  [0;39m [372c9395-e58d-4e92-8c1e-ab505995fbaf] Register server push request handler:com.alibaba.nacos.common.remote.client.RpcClient$ConnectResetRequestHandler
2024-12-25 20:10:07.992 INFO  com.alibaba.nacos.common.remote.client            :63   [32m                  [0;39m [372c9395-e58d-4e92-8c1e-ab505995fbaf] Register server push request handler:com.alibaba.nacos.common.remote.client.RpcClient$$Lambda$927/0x000001f7816fd5e0
2024-12-25 20:10:07.993 INFO  com.alibaba.nacos.client.naming                   :121  [32m                  [0;39m [REGISTER-SERVICE] public registering service fengCoupon-gateway with instance Instance{instanceId='null', ip='192.168.61.1', port=10000, weight=1.0, healthy=true, enabled=true, ephemeral=true, clusterName='DEFAULT', serviceName='null', metadata={IPv6=[2001:250:5833:2197:32be:20a9:8c5:3fd7], preserved.register.source=SPRING_CLOUD}}
2024-12-25 20:10:08.141 INFO  c.a.cloud.nacos.registry.NacosServiceRegistry     :76   [32m                  [0;39m nacos registry, DEFAULT_GROUP fengCoupon-gateway 192.168.61.1:10000 register finished
2024-12-25 20:10:08.174 INFO  com.fengxin.GateWayApplication                    :57   [32m                  [0;39m Started GateWayApplication in 9.872 seconds (process running for 10.289)
2024-12-25 20:10:31.768 WARN  c.alibaba.nacos.common.http.HttpClientBeanHolder  :102  [32m                  [0;39m [HttpClientBeanHolder] Start destroying common HttpClient
2024-12-25 20:10:31.770 WARN  com.alibaba.nacos.common.notify.NotifyCenter      :136  [32m                  [0;39m [NotifyCenter] Start destroying Publisher
2024-12-25 20:10:31.770 WARN  com.alibaba.nacos.common.notify.NotifyCenter      :153  [32m                  [0;39m [NotifyCenter] Destruction of the end
2024-12-25 20:10:31.770 WARN  c.alibaba.nacos.common.http.HttpClientBeanHolder  :111  [32m                  [0;39m [HttpClientBeanHolder] Destruction of the end
2024-12-25 20:10:31.773 INFO  c.a.cloud.nacos.registry.NacosServiceRegistry     :95   [32m                  [0;39m De-registering from Nacos Server now...
2024-12-25 20:10:31.773 INFO  com.alibaba.nacos.client.naming                   :217  [32m                  [0;39m [DEREGISTER-SERVICE] public deregistering service fengCoupon-gateway with instance: Instance{instanceId='null', ip='192.168.61.1', port=10000, weight=1.0, healthy=true, enabled=true, ephemeral=true, clusterName='DEFAULT', serviceName='null', metadata={}}
2024-12-25 20:10:31.791 INFO  c.a.cloud.nacos.registry.NacosServiceRegistry     :115  [32m                  [0;39m De-registration finished.
2024-12-25 20:10:31.793 INFO  com.alibaba.nacos.client.naming                   :256  [32m                  [0;39m com.alibaba.nacos.client.naming.cache.ServiceInfoHolder do shutdown begin
2024-12-25 20:10:31.793 INFO  com.alibaba.nacos.client.naming                   :136  [32m                  [0;39m com.alibaba.nacos.client.naming.backups.FailoverReactor do shutdown begin
2024-12-25 20:10:31.793 INFO  com.alibaba.nacos.client.naming                   :138  [32m                  [0;39m com.alibaba.nacos.client.naming.backups.FailoverReactor do shutdown stop
2024-12-25 20:10:31.793 INFO  com.alibaba.nacos.client.naming                   :258  [32m                  [0;39m com.alibaba.nacos.client.naming.cache.ServiceInfoHolder do shutdown stop
2024-12-25 20:10:31.793 INFO  com.alibaba.nacos.client.naming                   :204  [32m                  [0;39m com.alibaba.nacos.client.naming.remote.NamingClientProxyDelegate do shutdown begin
2024-12-25 20:10:31.794 INFO  com.alibaba.nacos.client.naming                   :143  [32m                  [0;39m com.alibaba.nacos.client.naming.core.ServiceInfoUpdateService do shutdown begin
2024-12-25 20:10:31.794 INFO  com.alibaba.nacos.client.naming                   :145  [32m                  [0;39m com.alibaba.nacos.client.naming.core.ServiceInfoUpdateService do shutdown stop
2024-12-25 20:10:31.794 INFO  com.alibaba.nacos.client.naming                   :194  [32m                  [0;39m com.alibaba.nacos.client.naming.core.ServerListManager do shutdown begin
2024-12-25 20:10:31.794 WARN  com.alibaba.nacos.client.naming                   :74   [32m                  [0;39m [NamingHttpClientManager] Start destroying NacosRestTemplate
2024-12-25 20:10:31.794 WARN  com.alibaba.nacos.client.naming                   :81   [32m                  [0;39m [NamingHttpClientManager] Destruction of the end
2024-12-25 20:10:31.794 INFO  com.alibaba.nacos.client.naming                   :199  [32m                  [0;39m com.alibaba.nacos.client.naming.core.ServerListManager do shutdown stop
2024-12-25 20:10:31.794 INFO  com.alibaba.nacos.client.naming                   :484  [32m                  [0;39m com.alibaba.nacos.client.naming.remote.http.NamingHttpClientProxy do shutdown begin
2024-12-25 20:10:31.794 WARN  com.alibaba.nacos.client.naming                   :74   [32m                  [0;39m [NamingHttpClientManager] Start destroying NacosRestTemplate
2024-12-25 20:10:31.794 WARN  com.alibaba.nacos.client.naming                   :81   [32m                  [0;39m [NamingHttpClientManager] Destruction of the end
2024-12-25 20:10:31.794 INFO  com.alibaba.nacos.client.naming                   :486  [32m                  [0;39m com.alibaba.nacos.client.naming.remote.http.NamingHttpClientProxy do shutdown stop
2024-12-25 20:10:31.794 INFO  com.alibaba.nacos.common.remote.client            :429  [32m                  [0;39m Shutdown rpc client, set status to shutdown
2024-12-25 20:10:31.794 INFO  com.alibaba.nacos.common.remote.client            :431  [32m                  [0;39m Shutdown client event executor java.util.concurrent.ScheduledThreadPoolExecutor@426d6bb[Running, pool size = 2, active threads = 2, queued tasks = 0, completed tasks = 0]
2024-12-25 20:10:31.794 INFO  com.alibaba.nacos.common.remote.client            :584  [32m                  [0;39m Close current connection 1735128575191_192.168.187.1_51317
2024-12-25 20:10:31.797 WARN  c.a.nacos.common.remote.client.grpc.GrpcClient    :89   [32m                  [0;39m [1735128575191_192.168.187.1_51317]Ignore error event,isRunning:false,isAbandon=false
2024-12-25 20:10:31.797 INFO  c.a.nacos.common.remote.client.grpc.GrpcClient    :159  [32m                  [0;39m Shutdown grpc executor java.util.concurrent.ThreadPoolExecutor@2e32d268[Running, pool size = 5, active threads = 0, queued tasks = 0, completed tasks = 15]
2024-12-25 20:10:31.797 INFO  com.alibaba.nacos.client.naming                   :318  [32m                  [0;39m Shutdown grpc redo service executor java.util.concurrent.ScheduledThreadPoolExecutor@1372c58f[Running, pool size = 1, active threads = 0, queued tasks = 1, completed tasks = 8]
2024-12-25 20:10:31.798 INFO  c.a.n.client.auth.ram.identify.CredentialWatcher  :106  [32m                  [0;39m [null] CredentialWatcher is stopped
2024-12-25 20:10:31.798 INFO  c.a.n.client.auth.ram.identify.CredentialService  :100  [32m                  [0;39m [null] CredentialService is freed
2024-12-25 20:10:31.798 INFO  com.alibaba.nacos.client.naming                   :211  [32m                  [0;39m com.alibaba.nacos.client.naming.remote.NamingClientProxyDelegate do shutdown stop
2024-12-25 21:10:36.833 WARN  com.alibaba.nacos.client.logging.NacosLogging     :64   [32m                  [0;39m Load Logback Configuration of Nacos fail, message: Could not initialize Logback Nacos logging from classpath:nacos-logback.xml
2024-12-25 21:10:36.842 INFO  org.hibernate.validator.internal.util.Version     :21   [32m                  [0;39m HV000001: Hibernate Validator 8.0.0.Final
2024-12-25 21:10:36.893 WARN  com.alibaba.nacos.client.logging.NacosLogging     :64   [32m                  [0;39m Load Logback Configuration of Nacos fail, message: Could not initialize Logback Nacos logging from classpath:nacos-logback.xml
2024-12-25 21:10:36.901 INFO  com.fengxin.GateWayApplication                    :51   [32m                  [0;39m Starting GateWayApplication using Java 17.0.12 with PID 7500 (E:\Java\feng-coupon\gateway\target\classes started by FENGXIN in E:\Java\feng-coupon)
2024-12-25 21:10:36.901 INFO  com.fengxin.GateWayApplication                    :632  [32m                  [0;39m No active profile set, falling back to 1 default profile: "default"
2024-12-25 21:10:37.568 INFO  o.springframework.cloud.context.scope.GenericScope:282  [32m                  [0;39m BeanFactory id=7f45d766-c56e-39f8-a063-89f7f5a9eb04
2024-12-25 21:10:37.609 INFO  o.s.c.s.PostProcessorRegistrationDelegate$BeanPostProcessorChecker:409  [32m                  [0;39m Bean 'org.springframework.cloud.client.loadbalancer.reactive.LoadBalancerBeanPostProcessorAutoConfiguration' of type [org.springframework.cloud.client.loadbalancer.reactive.LoadBalancerBeanPostProcessorAutoConfiguration] is not eligible for getting processed by all BeanPostProcessors (for example: not eligible for auto-proxying)
2024-12-25 21:10:37.611 INFO  o.s.c.s.PostProcessorRegistrationDelegate$BeanPostProcessorChecker:409  [32m                  [0;39m Bean 'org.springframework.cloud.client.loadbalancer.reactive.LoadBalancerBeanPostProcessorAutoConfiguration$ReactorDeferringLoadBalancerFilterConfig' of type [org.springframework.cloud.client.loadbalancer.reactive.LoadBalancerBeanPostProcessorAutoConfiguration$ReactorDeferringLoadBalancerFilterConfig] is not eligible for getting processed by all BeanPostProcessors (for example: not eligible for auto-proxying)
2024-12-25 21:10:37.611 INFO  o.s.c.s.PostProcessorRegistrationDelegate$BeanPostProcessorChecker:409  [32m                  [0;39m Bean 'reactorDeferringLoadBalancerExchangeFilterFunction' of type [org.springframework.cloud.client.loadbalancer.reactive.DeferringLoadBalancerExchangeFilterFunction] is not eligible for getting processed by all BeanPostProcessors (for example: not eligible for auto-proxying)
2024-12-25 21:10:39.018 INFO  org.springframework.cloud.commons.util.InetUtils  :170  [32m                  [0;39m Cannot determine local hostname
2024-12-25 21:10:40.264 INFO  org.springframework.cloud.commons.util.InetUtils  :170  [32m                  [0;39m Cannot determine local hostname
2024-12-25 21:10:40.543 INFO  o.s.c.gateway.route.RouteDefinitionRouteLocator   :89   [32m                  [0;39m Loaded RoutePredicateFactory [After]
2024-12-25 21:10:40.544 INFO  o.s.c.gateway.route.RouteDefinitionRouteLocator   :89   [32m                  [0;39m Loaded RoutePredicateFactory [Before]
2024-12-25 21:10:40.545 INFO  o.s.c.gateway.route.RouteDefinitionRouteLocator   :89   [32m                  [0;39m Loaded RoutePredicateFactory [Between]
2024-12-25 21:10:40.545 INFO  o.s.c.gateway.route.RouteDefinitionRouteLocator   :89   [32m                  [0;39m Loaded RoutePredicateFactory [Cookie]
2024-12-25 21:10:40.546 INFO  o.s.c.gateway.route.RouteDefinitionRouteLocator   :89   [32m                  [0;39m Loaded RoutePredicateFactory [Header]
2024-12-25 21:10:40.546 INFO  o.s.c.gateway.route.RouteDefinitionRouteLocator   :89   [32m                  [0;39m Loaded RoutePredicateFactory [Host]
2024-12-25 21:10:40.546 INFO  o.s.c.gateway.route.RouteDefinitionRouteLocator   :89   [32m                  [0;39m Loaded RoutePredicateFactory [Method]
2024-12-25 21:10:40.546 INFO  o.s.c.gateway.route.RouteDefinitionRouteLocator   :89   [32m                  [0;39m Loaded RoutePredicateFactory [Path]
2024-12-25 21:10:40.546 INFO  o.s.c.gateway.route.RouteDefinitionRouteLocator   :89   [32m                  [0;39m Loaded RoutePredicateFactory [Query]
2024-12-25 21:10:40.546 INFO  o.s.c.gateway.route.RouteDefinitionRouteLocator   :89   [32m                  [0;39m Loaded RoutePredicateFactory [ReadBody]
2024-12-25 21:10:40.546 INFO  o.s.c.gateway.route.RouteDefinitionRouteLocator   :89   [32m                  [0;39m Loaded RoutePredicateFactory [RemoteAddr]
2024-12-25 21:10:40.546 INFO  o.s.c.gateway.route.RouteDefinitionRouteLocator   :89   [32m                  [0;39m Loaded RoutePredicateFactory [XForwardedRemoteAddr]
2024-12-25 21:10:40.546 INFO  o.s.c.gateway.route.RouteDefinitionRouteLocator   :89   [32m                  [0;39m Loaded RoutePredicateFactory [Weight]
2024-12-25 21:10:40.546 INFO  o.s.c.gateway.route.RouteDefinitionRouteLocator   :89   [32m                  [0;39m Loaded RoutePredicateFactory [CloudFoundryRouteService]
2024-12-25 21:10:41.860 INFO  org.springframework.cloud.commons.util.InetUtils  :170  [32m                  [0;39m Cannot determine local hostname
2024-12-25 21:10:42.007 WARN  o.s.c.l.c.LoadBalancerCacheAutoConfiguration$LoadBalancerCaffeineWarnLogger:94   [32m                  [0;39m Spring Cloud LoadBalancer is currently working with the default cache. While this cache implementation is useful for development and tests, it's recommended to use Caffeine cache in production.You can switch to using Caffeine cache, by adding it and org.springframework.cache.caffeine.CaffeineCacheManager to the classpath.
2024-12-25 21:10:42.203 INFO  o.s.boot.web.embedded.netty.NettyWebServer        :111  [32m                  [0;39m Netty started on port 10000
2024-12-25 21:10:43.376 INFO  org.springframework.cloud.commons.util.InetUtils  :170  [32m                  [0;39m Cannot determine local hostname
2024-12-25 21:10:44.511 INFO  org.springframework.cloud.commons.util.InetUtils  :170  [32m                  [0;39m Cannot determine local hostname
2024-12-25 21:10:44.516 WARN  com.alibaba.nacos.client.logging.NacosLogging     :64   [32m                  [0;39m Load Logback Configuration of Nacos fail, message: Could not initialize Logback Nacos logging from classpath:nacos-logback.xml
2024-12-25 21:10:44.516 INFO  com.alibaba.nacos.client.naming                   :62   [32m                  [0;39m initializer namespace from ans.namespace attribute : null
2024-12-25 21:10:44.516 INFO  com.alibaba.nacos.client.naming                   :66   [32m                  [0;39m initializer namespace from ALIBABA_ALIWARE_NAMESPACE attribute :null
2024-12-25 21:10:44.517 INFO  com.alibaba.nacos.client.naming                   :73   [32m                  [0;39m initializer namespace from namespace attribute :null
2024-12-25 21:10:44.532 INFO  com.alibaba.nacos.client.utils.ParamUtil          :87   [32m                  [0;39m [settings] [req-serv] nacos-server port:8848
2024-12-25 21:10:44.533 INFO  com.alibaba.nacos.client.utils.ParamUtil          :98   [32m                  [0;39m [settings] [http-client] connect timeout:1000
2024-12-25 21:10:44.533 INFO  com.alibaba.nacos.client.utils.ParamUtil          :105  [32m                  [0;39m PER_TASK_CONFIG_SIZE: 3000.0
2024-12-25 21:10:44.535 INFO  c.a.n.p.auth.spi.client.ClientAuthPluginManager   :56   [32m                  [0;39m [ClientAuthPluginManager] Load ClientAuthService com.alibaba.nacos.client.auth.impl.NacosClientAuthServiceImpl success.
2024-12-25 21:10:44.537 INFO  c.a.n.p.auth.spi.client.ClientAuthPluginManager   :56   [32m                  [0;39m [ClientAuthPluginManager] Load ClientAuthService com.alibaba.nacos.client.auth.ram.RamClientAuthServiceImpl success.
2024-12-25 21:10:44.538 INFO  c.a.n.client.auth.ram.identify.CredentialWatcher  :165  [32m                  [0;39m null No credential found
2024-12-25 21:10:44.544 INFO  com.alibaba.nacos.common.remote.client            :108  [32m                  [0;39m [RpcClientFactory] create a new rpc client of 8a244ea1-e9cb-4009-9503-40ab6e4b60c0
2024-12-25 21:10:44.556 INFO  com.alibaba.nacos.common.remote.client            :63   [32m                  [0;39m [8a244ea1-e9cb-4009-9503-40ab6e4b60c0] RpcClient init, ServerListFactory = com.alibaba.nacos.client.naming.core.ServerListManager
2024-12-25 21:10:44.556 INFO  com.alibaba.nacos.common.remote.client            :63   [32m                  [0;39m [8a244ea1-e9cb-4009-9503-40ab6e4b60c0] Registry connection listener to current client:com.alibaba.nacos.client.naming.remote.gprc.redo.NamingGrpcRedoService
2024-12-25 21:10:44.556 INFO  com.alibaba.nacos.common.remote.client            :63   [32m                  [0;39m [8a244ea1-e9cb-4009-9503-40ab6e4b60c0] Register server push request handler:com.alibaba.nacos.client.naming.remote.gprc.NamingPushRequestHandler
2024-12-25 21:10:44.559 INFO  com.alibaba.nacos.common.remote.client            :63   [32m                  [0;39m [8a244ea1-e9cb-4009-9503-40ab6e4b60c0] Try to connect to server on start up, server: {serverIp = '192.168.187.101', server main port = 8848}
2024-12-25 21:10:44.584 INFO  c.a.nacos.common.remote.client.grpc.GrpcClient    :182  [32m                  [0;39m grpc client connection server:192.168.187.101 ip,serverPort:9848,grpcTslConfig:{"sslProvider":"OPENSSL","enableTls":false,"mutualAuthEnable":false,"trustAll":false}
2024-12-25 21:10:45.488 INFO  com.alibaba.nacos.common.remote.client            :63   [32m                  [0;39m [8a244ea1-e9cb-4009-9503-40ab6e4b60c0] Success to connect to server [192.168.187.101:8848] on start up, connectionId = 1735132212943_192.168.187.1_48469
2024-12-25 21:10:45.488 INFO  com.alibaba.nacos.common.remote.client            :63   [32m                  [0;39m [8a244ea1-e9cb-4009-9503-40ab6e4b60c0] Notify connected event to listeners.
2024-12-25 21:10:45.488 INFO  com.alibaba.nacos.client.naming                   :78   [32m                  [0;39m Grpc connection connect
2024-12-25 21:10:45.488 INFO  com.alibaba.nacos.common.remote.client            :63   [32m                  [0;39m [8a244ea1-e9cb-4009-9503-40ab6e4b60c0] Register server push request handler:com.alibaba.nacos.common.remote.client.RpcClient$ConnectResetRequestHandler
2024-12-25 21:10:45.490 INFO  com.alibaba.nacos.common.remote.client            :63   [32m                  [0;39m [8a244ea1-e9cb-4009-9503-40ab6e4b60c0] Register server push request handler:com.alibaba.nacos.common.remote.client.RpcClient$$Lambda$926/0x000001bd2f6fc3d0
2024-12-25 21:10:45.490 INFO  com.alibaba.nacos.client.naming                   :121  [32m                  [0;39m [REGISTER-SERVICE] public registering service MapleCoupon-gateway with instance Instance{instanceId='null', ip='192.168.61.1', port=10000, weight=1.0, healthy=true, enabled=true, ephemeral=true, clusterName='DEFAULT', serviceName='null', metadata={IPv6=[2001:250:5833:2197:32be:20a9:8c5:3fd7], preserved.register.source=SPRING_CLOUD}}
2024-12-25 21:10:45.511 INFO  c.a.cloud.nacos.registry.NacosServiceRegistry     :76   [32m                  [0;39m nacos registry, DEFAULT_GROUP MapleCoupon-gateway 192.168.61.1:10000 register finished
2024-12-25 21:10:45.553 INFO  com.fengxin.GateWayApplication                    :57   [32m                  [0;39m Started GateWayApplication in 10.469 seconds (process running for 11.195)
2024-12-25 21:12:21.515 WARN  com.alibaba.nacos.common.notify.NotifyCenter      :136  [32m                  [0;39m [NotifyCenter] Start destroying Publisher
2024-12-25 21:12:21.515 WARN  c.alibaba.nacos.common.http.HttpClientBeanHolder  :102  [32m                  [0;39m [HttpClientBeanHolder] Start destroying common HttpClient
2024-12-25 21:12:21.516 WARN  com.alibaba.nacos.common.notify.NotifyCenter      :153  [32m                  [0;39m [NotifyCenter] Destruction of the end
2024-12-25 21:12:21.516 WARN  c.alibaba.nacos.common.http.HttpClientBeanHolder  :111  [32m                  [0;39m [HttpClientBeanHolder] Destruction of the end
2024-12-25 21:12:21.527 INFO  c.a.cloud.nacos.registry.NacosServiceRegistry     :95   [32m                  [0;39m De-registering from Nacos Server now...
2024-12-25 21:12:21.527 INFO  com.alibaba.nacos.client.naming                   :217  [32m                  [0;39m [DEREGISTER-SERVICE] public deregistering service MapleCoupon-gateway with instance: Instance{instanceId='null', ip='192.168.61.1', port=10000, weight=1.0, healthy=true, enabled=true, ephemeral=true, clusterName='DEFAULT', serviceName='null', metadata={}}
2024-12-25 21:12:21.539 INFO  c.a.cloud.nacos.registry.NacosServiceRegistry     :115  [32m                  [0;39m De-registration finished.
2024-12-25 21:12:21.539 INFO  com.alibaba.nacos.client.naming                   :256  [32m                  [0;39m com.alibaba.nacos.client.naming.cache.ServiceInfoHolder do shutdown begin
2024-12-25 21:12:21.539 INFO  com.alibaba.nacos.client.naming                   :136  [32m                  [0;39m com.alibaba.nacos.client.naming.backups.FailoverReactor do shutdown begin
2024-12-25 21:12:21.539 INFO  com.alibaba.nacos.client.naming                   :138  [32m                  [0;39m com.alibaba.nacos.client.naming.backups.FailoverReactor do shutdown stop
2024-12-25 21:12:21.540 INFO  com.alibaba.nacos.client.naming                   :258  [32m                  [0;39m com.alibaba.nacos.client.naming.cache.ServiceInfoHolder do shutdown stop
2024-12-25 21:12:21.540 INFO  com.alibaba.nacos.client.naming                   :204  [32m                  [0;39m com.alibaba.nacos.client.naming.remote.NamingClientProxyDelegate do shutdown begin
2024-12-25 21:12:21.540 INFO  com.alibaba.nacos.client.naming                   :143  [32m                  [0;39m com.alibaba.nacos.client.naming.core.ServiceInfoUpdateService do shutdown begin
2024-12-25 21:12:21.540 INFO  com.alibaba.nacos.client.naming                   :145  [32m                  [0;39m com.alibaba.nacos.client.naming.core.ServiceInfoUpdateService do shutdown stop
2024-12-25 21:12:21.541 INFO  com.alibaba.nacos.client.naming                   :194  [32m                  [0;39m com.alibaba.nacos.client.naming.core.ServerListManager do shutdown begin
2024-12-25 21:12:21.541 WARN  com.alibaba.nacos.client.naming                   :74   [32m                  [0;39m [NamingHttpClientManager] Start destroying NacosRestTemplate
2024-12-25 21:12:21.541 WARN  com.alibaba.nacos.client.naming                   :81   [32m                  [0;39m [NamingHttpClientManager] Destruction of the end
2024-12-25 21:12:21.541 INFO  com.alibaba.nacos.client.naming                   :199  [32m                  [0;39m com.alibaba.nacos.client.naming.core.ServerListManager do shutdown stop
2024-12-25 21:12:21.541 INFO  com.alibaba.nacos.client.naming                   :484  [32m                  [0;39m com.alibaba.nacos.client.naming.remote.http.NamingHttpClientProxy do shutdown begin
2024-12-25 21:12:21.541 WARN  com.alibaba.nacos.client.naming                   :74   [32m                  [0;39m [NamingHttpClientManager] Start destroying NacosRestTemplate
2024-12-25 21:12:21.541 WARN  com.alibaba.nacos.client.naming                   :81   [32m                  [0;39m [NamingHttpClientManager] Destruction of the end
2024-12-25 21:12:21.541 INFO  com.alibaba.nacos.client.naming                   :486  [32m                  [0;39m com.alibaba.nacos.client.naming.remote.http.NamingHttpClientProxy do shutdown stop
2024-12-25 21:12:21.541 INFO  com.alibaba.nacos.common.remote.client            :429  [32m                  [0;39m Shutdown rpc client, set status to shutdown
2024-12-25 21:12:21.541 INFO  com.alibaba.nacos.common.remote.client            :431  [32m                  [0;39m Shutdown client event executor java.util.concurrent.ScheduledThreadPoolExecutor@6d671e48[Running, pool size = 2, active threads = 2, queued tasks = 0, completed tasks = 0]
2024-12-25 21:12:21.541 INFO  com.alibaba.nacos.common.remote.client            :584  [32m                  [0;39m Close current connection 1735132212943_192.168.187.1_48469
2024-12-25 21:12:21.546 WARN  c.a.nacos.common.remote.client.grpc.GrpcClient    :89   [32m                  [0;39m [1735132212943_192.168.187.1_48469]Ignore error event,isRunning:false,isAbandon=false
2024-12-25 21:12:21.548 INFO  c.a.nacos.common.remote.client.grpc.GrpcClient    :159  [32m                  [0;39m Shutdown grpc executor java.util.concurrent.ThreadPoolExecutor@65e36da0[Running, pool size = 5, active threads = 0, queued tasks = 0, completed tasks = 34]
2024-12-25 21:12:21.548 INFO  com.alibaba.nacos.client.naming                   :318  [32m                  [0;39m Shutdown grpc redo service executor java.util.concurrent.ScheduledThreadPoolExecutor@7afeeab7[Running, pool size = 1, active threads = 0, queued tasks = 1, completed tasks = 32]
2024-12-25 21:12:21.548 INFO  c.a.n.client.auth.ram.identify.CredentialWatcher  :106  [32m                  [0;39m [null] CredentialWatcher is stopped
2024-12-25 21:12:21.548 INFO  c.a.n.client.auth.ram.identify.CredentialService  :100  [32m                  [0;39m [null] CredentialService is freed
2024-12-25 21:12:21.548 INFO  com.alibaba.nacos.client.naming                   :211  [32m                  [0;39m com.alibaba.nacos.client.naming.remote.NamingClientProxyDelegate do shutdown stop
